# JRE version: OpenJDK Runtime Environment (11.0.15) (build 11.0.15+0-b2043.56-9505619)
# Java VM: OpenJDK 64-Bit Server VM (11.0.15+0-b2043.56-9505619, mixed mode, tiered, compressed oops, g1 gc, windows-amd64)
Heap:
 garbage-first heap   total 525312K, used 227959K [0x0000000080000000, 0x0000000100000000)
  region size 1024K, 12 young (12288K), 12 survivors (12288K)
 Metaspace       used 135341K, capacity 139253K, committed 139344K, reserved 1171456K
  class space    used 16824K, capacity 18272K, committed 18336K, reserved 1048576K
GC Heap History (20 events):
Event: 9947.210 GC heap after
{Heap after GC invocations=95 (full 0):
 garbage-first heap   total 305152K, used 205003K [0x0000000080000000, 0x0000000100000000)
  region size 1024K, 4 young (4096K), 4 survivors (4096K)
 Metaspace       used 122802K, capacity 125997K, committed 126288K, reserved 1159168K
  class space    used 15207K, capacity 16432K, committed 16544K, reserved 1048576K
}
Event: 9947.822 GC heap before
{Heap before GC invocations=96 (full 0):
 garbage-first heap   total 305152K, used 244939K [0x0000000080000000, 0x0000000100000000)
  region size 1024K, 45 young (46080K), 4 survivors (4096K)
 Metaspace       used 123682K, capacity 126828K, committed 127440K, reserved 1161216K
  class space    used 15285K, capacity 16478K, committed 16672K, reserved 1048576K
}
Event: 9947.831 GC heap after
{Heap after GC invocations=97 (full 0):
 garbage-first heap   total 305152K, used 204595K [0x0000000080000000, 0x0000000100000000)
  region size 1024K, 4 young (4096K), 4 survivors (4096K)
 Metaspace       used 123682K, capacity 126828K, committed 127440K, reserved 1161216K
  class space    used 15285K, capacity 16478K, committed 16672K, reserved 1048576K
}
Event: 9948.044 GC heap before
{Heap before GC invocations=97 (full 0):
 garbage-first heap   total 305152K, used 213811K [0x0000000080000000, 0x0000000100000000)
  region size 1024K, 14 young (14336K), 4 survivors (4096K)
 Metaspace       used 124267K, capacity 127373K, committed 127952K, reserved 1161216K
  class space    used 15356K, capacity 16549K, committed 16672K, reserved 1048576K
}
Event: 9948.059 GC heap after
{Heap after GC invocations=98 (full 0):
 garbage-first heap   total 305152K, used 190706K [0x0000000080000000, 0x0000000100000000)
  region size 1024K, 2 young (2048K), 2 survivors (2048K)
 Metaspace       used 124267K, capacity 127373K, committed 127952K, reserved 1161216K
  class space    used 15356K, capacity 16549K, committed 16672K, reserved 1048576K
}
Event: 9948.639 GC heap before
{Heap before GC invocations=98 (full 0):
 garbage-first heap   total 305152K, used 241906K [0x0000000080000000, 0x0000000100000000)
  region size 1024K, 52 young (53248K), 2 survivors (2048K)
 Metaspace       used 127642K, capacity 130744K, committed 131152K, reserved 1163264K
  class space    used 15786K, capacity 16965K, committed 17056K, reserved 1048576K
}
Event: 9948.645 GC heap after
{Heap after GC invocations=99 (full 0):
 garbage-first heap   total 305152K, used 193154K [0x0000000080000000, 0x0000000100000000)
  region size 1024K, 4 young (4096K), 4 survivors (4096K)
 Metaspace       used 127642K, capacity 130744K, committed 131152K, reserved 1163264K
  class space    used 15786K, capacity 16965K, committed 17056K, reserved 1048576K
}
Event: 9948.971 GC heap before
{Heap before GC invocations=99 (full 0):
 garbage-first heap   total 305152K, used 245378K [0x0000000080000000, 0x0000000100000000)
  region size 1024K, 56 young (57344K), 4 survivors (4096K)
 Metaspace       used 127918K, capacity 131045K, committed 131536K, reserved 1163264K
  class space    used 15805K, capacity 17011K, committed 17184K, reserved 1048576K
}
Event: 9948.978 GC heap after
{Heap after GC invocations=100 (full 0):
 garbage-first heap   total 305152K, used 194277K [0x0000000080000000, 0x0000000100000000)
  region size 1024K, 5 young (5120K), 5 survivors (5120K)
 Metaspace       used 127918K, capacity 131045K, committed 131536K, reserved 1163264K
  class space    used 15805K, capacity 17011K, committed 17184K, reserved 1048576K
}
Event: 9949.233 GC heap before
{Heap before GC invocations=100 (full 0):
 garbage-first heap   total 305152K, used 248549K [0x0000000080000000, 0x0000000100000000)
  region size 1024K, 59 young (60416K), 5 survivors (5120K)
 Metaspace       used 128346K, capacity 131585K, committed 131792K, reserved 1163264K
  class space    used 15869K, capacity 17074K, committed 17184K, reserved 1048576K
}
Event: 9949.253 GC heap after
{Heap after GC invocations=101 (full 0):
 garbage-first heap   total 366592K, used 194884K [0x0000000080000000, 0x0000000100000000)
  region size 1024K, 5 young (5120K), 5 survivors (5120K)
 Metaspace       used 128346K, capacity 131585K, committed 131792K, reserved 1163264K
  class space    used 15869K, capacity 17074K, committed 17184K, reserved 1048576K
}
Event: 9949.835 GC heap before
{Heap before GC invocations=102 (full 0):
 garbage-first heap   total 366592K, used 282948K [0x0000000080000000, 0x0000000100000000)
  region size 1024K, 92 young (94208K), 5 survivors (5120K)
 Metaspace       used 129322K, capacity 132520K, committed 132560K, reserved 1165312K
  class space    used 15953K, capacity 17164K, committed 17184K, reserved 1048576K
}
Event: 9949.846 GC heap after
{Heap after GC invocations=103 (full 0):
 garbage-first heap   total 366592K, used 200491K [0x0000000080000000, 0x0000000100000000)
  region size 1024K, 10 young (10240K), 10 survivors (10240K)
 Metaspace       used 129322K, capacity 132520K, committed 132560K, reserved 1165312K
  class space    used 15953K, capacity 17164K, committed 17184K, reserved 1048576K
}
Event: 9949.887 GC heap before
{Heap before GC invocations=103 (full 0):
 garbage-first heap   total 366592K, used 206635K [0x0000000080000000, 0x0000000100000000)
  region size 1024K, 17 young (17408K), 10 survivors (10240K)
 Metaspace       used 129335K, capacity 132520K, committed 132560K, reserved 1165312K
  class space    used 15953K, capacity 17164K, committed 17184K, reserved 1048576K
}
Event: 9949.908 GC heap after
{Heap after GC invocations=104 (full 0):
 garbage-first heap   total 366592K, used 199944K [0x0000000080000000, 0x0000000100000000)
  region size 1024K, 2 young (2048K), 2 survivors (2048K)
 Metaspace       used 129335K, capacity 132520K, committed 132560K, reserved 1165312K
  class space    used 15953K, capacity 17164K, committed 17184K, reserved 1048576K
}
Event: 9951.229 GC heap before
{Heap before GC invocations=104 (full 0):
 garbage-first heap   total 366592K, used 290056K [0x0000000080000000, 0x0000000100000000)
  region size 1024K, 89 young (91136K), 2 survivors (2048K)
 Metaspace       used 129974K, capacity 133325K, committed 133456K, reserved 1165312K
  class space    used 16036K, capacity 17275K, committed 17312K, reserved 1048576K
}
Event: 9951.233 GC heap after
{Heap after GC invocations=105 (full 0):
 garbage-first heap   total 366592K, used 201520K [0x0000000080000000, 0x0000000100000000)
  region size 1024K, 4 young (4096K), 4 survivors (4096K)
 Metaspace       used 129974K, capacity 133325K, committed 133456K, reserved 1165312K
  class space    used 16036K, capacity 17275K, committed 17312K, reserved 1048576K
}
Event: 9951.810 GC heap before
{Heap before GC invocations=105 (full 0):
 garbage-first heap   total 366592K, used 292656K [0x0000000080000000, 0x0000000100000000)
  region size 1024K, 94 young (96256K), 4 survivors (4096K)
 Metaspace       used 131455K, capacity 134859K, committed 134992K, reserved 1167360K
  class space    used 16215K, capacity 17497K, committed 17568K, reserved 1048576K
}
Event: 9951.844 GC heap after
{Heap after GC invocations=106 (full 0):
 garbage-first heap   total 366592K, used 212852K [0x0000000080000000, 0x0000000100000000)
  region size 1024K, 12 young (12288K), 12 survivors (12288K)
 Metaspace       used 131455K, capacity 134859K, committed 134992K, reserved 1167360K
  class space    used 16215K, capacity 17497K, committed 17568K, reserved 1048576K
}
Event: 9952.606 GC heap before
{Heap before GC invocations=106 (full 0):
 garbage-first heap   total 366592K, used 296820K [0x0000000080000000, 0x0000000100000000)
  region size 1024K, 95 young (97280K), 12 survivors (12288K)
 Metaspace       used 135341K, capacity 139253K, committed 139344K, reserved 1171456K
  class space    used 16824K, capacity 18272K, committed 18336K, reserved 1048576K
}

